# JRE version: OpenJDK Runtime Environment Temurin-17.0.3+7 (17.0.3+7) (build 17.0.3+7)
# Java VM: OpenJDK 64-Bit Server VM Temurin-17.0.3+7 (17.0.3+7, mixed mode, tiered, compressed oops, compressed class ptrs, parallel gc, bsd-amd64)
GC Precious Log:
 CPUs: 4 total, 4 available
 Memory: 16384M
 Large Page Support: Disabled
 NUMA Support: Disabled
 Compressed Oops: Enabled (Zero based)
 Alignments: Space 512K, Generation 512K, Heap 2M
 Heap Min Capacity: 100M
 Heap Initial Capacity: 100M
 Heap Max Capacity: 1G
 Pre-touch: Disabled
 Parallel Workers: 4
Heap:
 PSYoungGen      total 20992K, used 7808K [0x00000007eab00000, 0x00000007ec500000, 0x0000000800000000)
  eden space 20480K, 37% used [0x00000007eab00000,0x00000007eb290190,0x00000007ebf00000)
  from space 512K, 12% used [0x00000007ebf00000,0x00000007ebf10000,0x00000007ebf80000)
  to   space 2048K, 0% used [0x00000007ec300000,0x00000007ec300000,0x00000007ec500000)
 ParOldGen       total 68608K, used 31127K [0x00000007c0000000, 0x00000007c4300000, 0x00000007eab00000)
  object space 68608K, 45% used [0x00000007c0000000,0x00000007c1e65fb8,0x00000007c4300000)
 Metaspace       used 45875K, committed 46592K, reserved 1097728K
  class space    used 5003K, committed 5312K, reserved 1048576K
GC Heap History (20 events):
Event: 17.333 GC heap before
{Heap before GC invocations=12 (full 2):
 PSYoungGen      total 25088K, used 23552K [0x00000007eab00000, 0x00000007ec780000, 0x0000000800000000)
  eden space 23552K, 100% used [0x00000007eab00000,0x00000007ec200000,0x00000007ec200000)
  from space 1536K, 0% used [0x00000007ec200000,0x00000007ec200000,0x00000007ec380000)
  to   space 2560K, 0% used [0x00000007ec500000,0x00000007ec500000,0x00000007ec780000)
 ParOldGen       total 68608K, used 13532K [0x00000007c0000000, 0x00000007c4300000, 0x00000007eab00000)
  object space 68608K, 19% used [0x00000007c0000000,0x00000007c0d37338,0x00000007c4300000)
 Metaspace       used 38172K, committed 38848K, reserved 1089536K
  class space    used 4059K, committed 4352K, reserved 1048576K
}
Event: 17.334 GC heap after
{Heap after GC invocations=12 (full 2):
 PSYoungGen      total 24064K, used 871K [0x00000007eab00000, 0x00000007ec600000, 0x0000000800000000)
  eden space 23040K, 0% used [0x00000007eab00000,0x00000007eab00000,0x00000007ec180000)
  from space 1024K, 85% used [0x00000007ec500000,0x00000007ec5d9f18,0x00000007ec600000)
  to   space 1536K, 0% used [0x00000007ec300000,0x00000007ec300000,0x00000007ec480000)
 ParOldGen       total 68608K, used 13540K [0x00000007c0000000, 0x00000007c4300000, 0x00000007eab00000)
  object space 68608K, 19% used [0x00000007c0000000,0x00000007c0d39338,0x00000007c4300000)
 Metaspace       used 38172K, committed 38848K, reserved 1089536K
  class space    used 4059K, committed 4352K, reserved 1048576K
}
Event: 18.415 GC heap before
{Heap before GC invocations=13 (full 2):
 PSYoungGen      total 24064K, used 23911K [0x00000007eab00000, 0x00000007ec600000, 0x0000000800000000)
  eden space 23040K, 100% used [0x00000007eab00000,0x00000007ec180000,0x00000007ec180000)
  from space 1024K, 85% used [0x00000007ec500000,0x00000007ec5d9f18,0x00000007ec600000)
  to   space 1536K, 0% used [0x00000007ec300000,0x00000007ec300000,0x00000007ec480000)
 ParOldGen       total 68608K, used 13540K [0x00000007c0000000, 0x00000007c4300000, 0x00000007eab00000)
  object space 68608K, 19% used [0x00000007c0000000,0x00000007c0d39338,0x00000007c4300000)
 Metaspace       used 40983K, committed 41600K, reserved 1089536K
  class space    used 4455K, committed 4736K, reserved 1048576K
}
Event: 18.419 GC heap after
{Heap after GC invocations=13 (full 2):
 PSYoungGen      total 24064K, used 1408K [0x00000007eab00000, 0x00000007ec580000, 0x0000000800000000)
  eden space 22528K, 0% used [0x00000007eab00000,0x00000007eab00000,0x00000007ec100000)
  from space 1536K, 91% used [0x00000007ec300000,0x00000007ec4601b8,0x00000007ec480000)
  to   space 1024K, 0% used [0x00000007ec480000,0x00000007ec480000,0x00000007ec580000)
 ParOldGen       total 68608K, used 14361K [0x00000007c0000000, 0x00000007c4300000, 0x00000007eab00000)
  object space 68608K, 20% used [0x00000007c0000000,0x00000007c0e064c0,0x00000007c4300000)
 Metaspace       used 40983K, committed 41600K, reserved 1089536K
  class space    used 4455K, committed 4736K, reserved 1048576K
}
Event: 19.299 GC heap before
{Heap before GC invocations=14 (full 2):
 PSYoungGen      total 24064K, used 23936K [0x00000007eab00000, 0x00000007ec580000, 0x0000000800000000)
  eden space 22528K, 100% used [0x00000007eab00000,0x00000007ec100000,0x00000007ec100000)
  from space 1536K, 91% used [0x00000007ec300000,0x00000007ec4601b8,0x00000007ec480000)
  to   space 1024K, 0% used [0x00000007ec480000,0x00000007ec480000,0x00000007ec580000)
 ParOldGen       total 68608K, used 14363K [0x00000007c0000000, 0x00000007c4300000, 0x00000007eab00000)
  object space 68608K, 20% used [0x00000007c0000000,0x00000007c0e06d98,0x00000007c4300000)
 Metaspace       used 43051K, committed 43712K, reserved 1089536K
  class space    used 4713K, committed 4992K, reserved 1048576K
}
Event: 19.302 GC heap after
{Heap after GC invocations=14 (full 2):
 PSYoungGen      total 23040K, used 1015K [0x00000007eab00000, 0x00000007ec880000, 0x0000000800000000)
  eden space 22016K, 0% used [0x00000007eab00000,0x00000007eab00000,0x00000007ec080000)
  from space 1024K, 99% used [0x00000007ec480000,0x00000007ec57dca8,0x00000007ec580000)
  to   space 4096K, 0% used [0x00000007ec080000,0x00000007ec080000,0x00000007ec480000)
 ParOldGen       total 68608K, used 16673K [0x00000007c0000000, 0x00000007c4300000, 0x00000007eab00000)
  object space 68608K, 24% used [0x00000007c0000000,0x00000007c1048740,0x00000007c4300000)
 Metaspace       used 43051K, committed 43712K, reserved 1089536K
  class space    used 4713K, committed 4992K, reserved 1048576K
}
Event: 21.303 GC heap before
{Heap before GC invocations=15 (full 2):
 PSYoungGen      total 23040K, used 23031K [0x00000007eab00000, 0x00000007ec880000, 0x0000000800000000)
  eden space 22016K, 100% used [0x00000007eab00000,0x00000007ec080000,0x00000007ec080000)
  from space 1024K, 99% used [0x00000007ec480000,0x00000007ec57dca8,0x00000007ec580000)
  to   space 4096K, 0% used [0x00000007ec080000,0x00000007ec080000,0x00000007ec480000)
 ParOldGen       total 68608K, used 16673K [0x00000007c0000000, 0x00000007c4300000, 0x00000007eab00000)
  object space 68608K, 24% used [0x00000007c0000000,0x00000007c1048740,0x00000007c4300000)
 Metaspace       used 45205K, committed 45888K, reserved 1089536K
  class space    used 4953K, committed 5248K, reserved 1048576K
}
Event: 21.306 GC heap after
{Heap after GC invocations=15 (full 2):
 PSYoungGen      total 23552K, used 1440K [0x00000007eab00000, 0x00000007ec580000, 0x0000000800000000)
  eden space 22016K, 0% used [0x00000007eab00000,0x00000007eab00000,0x00000007ec080000)
  from space 1536K, 93% used [0x00000007ec080000,0x00000007ec1e8010,0x00000007ec200000)
  to   space 2560K, 0% used [0x00000007ec300000,0x00000007ec300000,0x00000007ec580000)
 ParOldGen       total 68608K, used 17696K [0x00000007c0000000, 0x00000007c4300000, 0x00000007eab00000)
  object space 68608K, 25% used [0x00000007c0000000,0x00000007c11483a8,0x00000007c4300000)
 Metaspace       used 45205K, committed 45888K, reserved 1089536K
  class space    used 4953K, committed 5248K, reserved 1048576K
}
Event: 22.555 GC heap before
{Heap before GC invocations=16 (full 2):
 PSYoungGen      total 23552K, used 23456K [0x00000007eab00000, 0x00000007ec580000, 0x0000000800000000)
  eden space 22016K, 100% used [0x00000007eab00000,0x00000007ec080000,0x00000007ec080000)
  from space 1536K, 93% used [0x00000007ec080000,0x00000007ec1e8010,0x00000007ec200000)
  to   space 2560K, 0% used [0x00000007ec300000,0x00000007ec300000,0x00000007ec580000)
 ParOldGen       total 68608K, used 17696K [0x00000007c0000000, 0x00000007c4300000, 0x00000007eab00000)
  object space 68608K, 25% used [0x00000007c0000000,0x00000007c11483a8,0x00000007c4300000)
 Metaspace       used 45369K, committed 46080K, reserved 1089536K
  class space    used 4971K, committed 5312K, reserved 1048576K
}
Event: 22.558 GC heap after
{Heap after GC invocations=16 (full 2):
 PSYoungGen      total 24576K, used 2208K [0x00000007eab00000, 0x00000007ec580000, 0x0000000800000000)
  eden space 22016K, 0% used [0x00000007eab00000,0x00000007eab00000,0x00000007ec080000)
  from space 2560K, 86% used [0x00000007ec300000,0x00000007ec528010,0x00000007ec580000)
  to   space 2560K, 0% used [0x00000007ec080000,0x00000007ec080000,0x00000007ec300000)
 ParOldGen       total 68608K, used 19044K [0x00000007c0000000, 0x00000007c4300000, 0x00000007eab00000)
  object space 68608K, 27% used [0x00000007c0000000,0x00000007c12990a0,0x00000007c4300000)
 Metaspace       used 45369K, committed 46080K, reserved 1089536K
  class space    used 4971K, committed 5312K, reserved 1048576K
}
Event: 22.951 GC heap before
{Heap before GC invocations=17 (full 2):
 PSYoungGen      total 24576K, used 24224K [0x00000007eab00000, 0x00000007ec580000, 0x0000000800000000)
  eden space 22016K, 100% used [0x00000007eab00000,0x00000007ec080000,0x00000007ec080000)
  from space 2560K, 86% used [0x00000007ec300000,0x00000007ec528010,0x00000007ec580000)
  to   space 2560K, 0% used [0x00000007ec080000,0x00000007ec080000,0x00000007ec300000)
 ParOldGen       total 68608K, used 19044K [0x00000007c0000000, 0x00000007c4300000, 0x00000007eab00000)
  object space 68608K, 27% used [0x00000007c0000000,0x00000007c12990a0,0x00000007c4300000)
 Metaspace       used 45451K, committed 46144K, reserved 1089536K
  class space    used 4982K, committed 5312K, reserved 1048576K
}
Event: 22.956 GC heap after
{Heap after GC invocations=17 (full 2):
 PSYoungGen      total 24576K, used 2528K [0x00000007eab00000, 0x00000007ecb80000, 0x0000000800000000)
  eden space 22016K, 0% used [0x00000007eab00000,0x00000007eab00000,0x00000007ec080000)
  from space 2560K, 98% used [0x00000007ec080000,0x00000007ec2f8020,0x00000007ec300000)
  to   space 5632K, 0% used [0x00000007ec600000,0x00000007ec600000,0x00000007ecb80000)
 ParOldGen       total 68608K, used 21236K [0x00000007c0000000, 0x00000007c4300000, 0x00000007eab00000)
  object space 68608K, 30% used [0x00000007c0000000,0x00000007c14bd0a0,0x00000007c4300000)
 Metaspace       used 45451K, committed 46144K, reserved 1089536K
  class space    used 4982K, committed 5312K, reserved 1048576K
}
Event: 23.301 GC heap before
{Heap before GC invocations=18 (full 2):
 PSYoungGen      total 24576K, used 24544K [0x00000007eab00000, 0x00000007ecb80000, 0x0000000800000000)
  eden space 22016K, 100% used [0x00000007eab00000,0x00000007ec080000,0x00000007ec080000)
  from space 2560K, 98% used [0x00000007ec080000,0x00000007ec2f8020,0x00000007ec300000)
  to   space 5632K, 0% used [0x00000007ec600000,0x00000007ec600000,0x00000007ecb80000)
 ParOldGen       total 68608K, used 21236K [0x00000007c0000000, 0x00000007c4300000, 0x00000007eab00000)
  object space 68608K, 30% used [0x00000007c0000000,0x00000007c14bd0a0,0x00000007c4300000)
 Metaspace       used 45462K, committed 46272K, reserved 1089536K
  class space    used 4982K, committed 5312K, reserved 1048576K
}
Event: 23.306 GC heap after
{Heap after GC invocations=18 (full 2):
 PSYoungGen      total 24576K, used 2368K [0x00000007eab00000, 0x00000007ec880000, 0x0000000800000000)
  eden space 22016K, 0% used [0x00000007eab00000,0x00000007eab00000,0x00000007ec080000)
  from space 2560K, 92% used [0x00000007ec600000,0x00000007ec850000,0x00000007ec880000)
  to   space 3584K, 0% used [0x00000007ec180000,0x00000007ec180000,0x00000007ec500000)
 ParOldGen       total 68608K, used 23759K [0x00000007c0000000, 0x00000007c4300000, 0x00000007eab00000)
  object space 68608K, 34% used [0x00000007c0000000,0x00000007c1733fa8,0x00000007c4300000)
 Metaspace       used 45462K, committed 46272K, reserved 1089536K
  class space    used 4982K, committed 5312K, reserved 1048576K
}
Event: 23.720 GC heap before
{Heap before GC invocations=19 (full 2):
 PSYoungGen      total 24576K, used 24384K [0x00000007eab00000, 0x00000007ec880000, 0x0000000800000000)
  eden space 22016K, 100% used [0x00000007eab00000,0x00000007ec080000,0x00000007ec080000)
  from space 2560K, 92% used [0x00000007ec600000,0x00000007ec850000,0x00000007ec880000)
  to   space 3584K, 0% used [0x00000007ec180000,0x00000007ec180000,0x00000007ec500000)
 ParOldGen       total 68608K, used 23759K [0x00000007c0000000, 0x00000007c4300000, 0x00000007eab00000)
  object space 68608K, 34% used [0x00000007c0000000,0x00000007c1733fa8,0x00000007c4300000)
 Metaspace       used 45462K, committed 46272K, reserved 1089536K
  class space    used 4982K, committed 5312K, reserved 1048576K
}
Event: 23.725 GC heap after
{Heap after GC invocations=19 (full 2):
 PSYoungGen      total 25088K, used 2656K [0x00000007eab00000, 0x00000007ec680000, 0x0000000800000000)
  eden space 22016K, 0% used [0x00000007eab00000,0x00000007eab00000,0x00000007ec080000)
  from space 3072K, 86% used [0x00000007ec180000,0x00000007ec418010,0x00000007ec480000)
  to   space 2048K, 0% used [0x00000007ec480000,0x00000007ec480000,0x00000007ec680000)
 ParOldGen       total 68608K, used 26055K [0x00000007c0000000, 0x00000007c4300000, 0x00000007eab00000)
  object space 68608K, 37% used [0x00000007c0000000,0x00000007c1971fa8,0x00000007c4300000)
 Metaspace       used 45462K, committed 46272K, reserved 1089536K
  class space    used 4982K, committed 5312K, reserved 1048576K
}
Event: 25.074 GC heap before
{Heap before GC invocations=20 (full 2):
 PSYoungGen      total 25088K, used 24672K [0x00000007eab00000, 0x00000007ec680000, 0x0000000800000000)
  eden space 22016K, 100% used [0x00000007eab00000,0x00000007ec080000,0x00000007ec080000)
  from space 3072K, 86% used [0x00000007ec180000,0x00000007ec418010,0x00000007ec480000)
  to   space 2048K, 0% used [0x00000007ec480000,0x00000007ec480000,0x00000007ec680000)
 ParOldGen       total 68608K, used 26055K [0x00000007c0000000, 0x00000007c4300000, 0x00000007eab00000)
  object space 68608K, 37% used [0x00000007c0000000,0x00000007c1971fa8,0x00000007c4300000)
 Metaspace       used 45759K, committed 46464K, reserved 1097728K
  class space    used 4999K, committed 5312K, reserved 1048576K
}
Event: 25.081 GC heap after
{Heap after GC invocations=20 (full 2):
 PSYoungGen      total 22528K, used 2048K [0x00000007eab00000, 0x00000007ecb80000, 0x0000000800000000)
  eden space 20480K, 0% used [0x00000007eab00000,0x00000007eab00000,0x00000007ebf00000)
  from space 2048K, 100% used [0x00000007ec480000,0x00000007ec680000,0x00000007ec680000)
  to   space 5632K, 0% used [0x00000007ebf00000,0x00000007ebf00000,0x00000007ec480000)
 ParOldGen       total 68608K, used 29071K [0x00000007c0000000, 0x00000007c4300000, 0x00000007eab00000)
  object space 68608K, 42% used [0x00000007c0000000,0x00000007c1c63fb8,0x00000007c4300000)
 Metaspace       used 45759K, committed 46464K, reserved 1097728K
  class space    used 4999K, committed 5312K, reserved 1048576K
}
Event: 29.621 GC heap before
{Heap before GC invocations=21 (full 2):
 PSYoungGen      total 22528K, used 22528K [0x00000007eab00000, 0x00000007ecb80000, 0x0000000800000000)
  eden space 20480K, 100% used [0x00000007eab00000,0x00000007ebf00000,0x00000007ebf00000)
  from space 2048K, 100% used [0x00000007ec480000,0x00000007ec680000,0x00000007ec680000)
  to   space 5632K, 0% used [0x00000007ebf00000,0x00000007ebf00000,0x00000007ec480000)
 ParOldGen       total 68608K, used 29071K [0x00000007c0000000, 0x00000007c4300000, 0x00000007eab00000)
  object space 68608K, 42% used [0x00000007c0000000,0x00000007c1c63fb8,0x00000007c4300000)
 Metaspace       used 45875K, committed 46592K, reserved 1097728K
  class space    used 5003K, committed 5312K, reserved 1048576K
}
Event: 29.634 GC heap after
{Heap after GC invocations=21 (full 2):
 PSYoungGen      total 20992K, used 64K [0x00000007eab00000, 0x00000007ec500000, 0x0000000800000000)
  eden space 20480K, 0% used [0x00000007eab00000,0x00000007eab00000,0x00000007ebf00000)
  from space 512K, 12% used [0x00000007ebf00000,0x00000007ebf10000,0x00000007ebf80000)
  to   space 2048K, 0% used [0x00000007ec300000,0x00000007ec300000,0x00000007ec500000)
 ParOldGen       total 68608K, used 31127K [0x00000007c0000000, 0x00000007c4300000, 0x00000007eab00000)
  object space 68608K, 45% used [0x00000007c0000000,0x00000007c1e65fb8,0x00000007c4300000)
 Metaspace       used 45875K, committed 46592K, reserved 1097728K
  class space    used 5003K, committed 5312K, reserved 1048576K
}

