# JRE version: Java(TM) SE Runtime Environment (18.0.2.1+1) (build 18.0.2.1+1-1)
# Java VM: Java HotSpot(TM) 64-Bit Server VM (18.0.2.1+1-1, mixed mode, sharing, tiered, compressed oops, compressed class ptrs, g1 gc, bsd-amd64)
GC Precious Log:
 CardTable entry size: 512
 Card Set container configuration: InlinePtr #cards 5 size 8 Array Of Cards #cards 12 size 40 Howl #buckets 4 coarsen threshold 1843 Howl Bitmap #cards 512 size 80 coarsen threshold 460 Card regions per heap region 1 cards per card region 2048
 CPUs: 4 total, 4 available
 Memory: 16384M
 Large Page Support: Disabled
 NUMA Support: Disabled
 Compressed Oops: Enabled (Zero based)
 Heap Region Size: 1M
 Heap Min Capacity: 8M
 Heap Initial Capacity: 256M
 Heap Max Capacity: 2G
 Pre-touch: Disabled
 Parallel Workers: 4
 Concurrent Workers: 1
 Concurrent Refinement Workers: 4
 Periodic GC: Disabled
Heap:
 garbage-first heap   total 92160K, used 44841K [0x0000000780000000, 0x0000000800000000)
  region size 1024K, 16 young (16384K), 5 survivors (5120K)
 Metaspace       used 39310K, committed 40704K, reserved 487424K
  class space    used 5437K, committed 6144K, reserved 421888K
GC Heap History (18 events):
Event: 1.326 GC heap before
{Heap before GC invocations=0 (full 0):
 garbage-first heap   total 264192K, used 20376K [0x0000000780000000, 0x0000000800000000)
  region size 1024K, 13 young (13312K), 0 survivors (0K)
 Metaspace       used 969K, committed 1088K, reserved 487424K
  class space    used 87K, committed 128K, reserved 421888K
}
Event: 1.330 GC heap after
{Heap after GC invocations=1 (full 0):
 garbage-first heap   total 264192K, used 8635K [0x0000000780000000, 0x0000000800000000)
  region size 1024K, 2 young (2048K), 2 survivors (2048K)
 Metaspace       used 969K, committed 1088K, reserved 487424K
  class space    used 87K, committed 128K, reserved 421888K
}
Event: 2.672 GC heap before
{Heap before GC invocations=1 (full 0):
 garbage-first heap   total 264192K, used 23995K [0x0000000780000000, 0x0000000800000000)
  region size 1024K, 17 young (17408K), 2 survivors (2048K)
 Metaspace       used 3773K, committed 3968K, reserved 487424K
  class space    used 478K, committed 576K, reserved 421888K
}
Event: 2.688 GC heap after
{Heap after GC invocations=2 (full 0):
 garbage-first heap   total 264192K, used 9607K [0x0000000780000000, 0x0000000800000000)
  region size 1024K, 1 young (1024K), 1 survivors (1024K)
 Metaspace       used 3773K, committed 3968K, reserved 487424K
  class space    used 478K, committed 576K, reserved 421888K
}
Event: 7.813 GC heap before
{Heap before GC invocations=2 (full 0):
 garbage-first heap   total 264192K, used 83335K [0x0000000780000000, 0x0000000800000000)
  region size 1024K, 73 young (74752K), 1 survivors (1024K)
 Metaspace       used 16379K, committed 16832K, reserved 487424K
  class space    used 2328K, committed 2560K, reserved 421888K
}
Event: 7.832 GC heap after
{Heap after GC invocations=3 (full 0):
 garbage-first heap   total 264192K, used 18838K [0x0000000780000000, 0x0000000800000000)
  region size 1024K, 10 young (10240K), 10 survivors (10240K)
 Metaspace       used 16379K, committed 16832K, reserved 487424K
  class space    used 2328K, committed 2560K, reserved 421888K
}
Event: 9.029 GC heap before
{Heap before GC invocations=3 (full 0):
 garbage-first heap   total 264192K, used 46486K [0x0000000780000000, 0x0000000800000000)
  region size 1024K, 39 young (39936K), 10 survivors (10240K)
 Metaspace       used 20854K, committed 21504K, reserved 487424K
  class space    used 3005K, committed 3328K, reserved 421888K
}
Event: 9.048 GC heap after
{Heap after GC invocations=4 (full 0):
 garbage-first heap   total 264192K, used 24393K [0x0000000780000000, 0x0000000800000000)
  region size 1024K, 6 young (6144K), 6 survivors (6144K)
 Metaspace       used 20854K, committed 21504K, reserved 487424K
  class space    used 3005K, committed 3328K, reserved 421888K
}
Event: 11.789 GC heap before
{Heap before GC invocations=5 (full 0):
 garbage-first heap   total 92160K, used 73545K [0x0000000780000000, 0x0000000800000000)
  region size 1024K, 54 young (55296K), 6 survivors (6144K)
 Metaspace       used 27918K, committed 29056K, reserved 487424K
  class space    used 4121K, committed 4736K, reserved 421888K
}
Event: 11.801 GC heap after
{Heap after GC invocations=6 (full 0):
 garbage-first heap   total 92160K, used 25753K [0x0000000780000000, 0x0000000800000000)
  region size 1024K, 4 young (4096K), 4 survivors (4096K)
 Metaspace       used 27918K, committed 29056K, reserved 487424K
  class space    used 4121K, committed 4736K, reserved 421888K
}
Event: 11.844 GC heap before
{Heap before GC invocations=6 (full 0):
 garbage-first heap   total 92160K, used 26777K [0x0000000780000000, 0x0000000800000000)
  region size 1024K, 5 young (5120K), 4 survivors (4096K)
 Metaspace       used 28033K, committed 29184K, reserved 487424K
  class space    used 4133K, committed 4736K, reserved 421888K
}
Event: 11.850 GC heap after
{Heap after GC invocations=7 (full 0):
 garbage-first heap   total 92160K, used 26346K [0x0000000780000000, 0x0000000800000000)
  region size 1024K, 1 young (1024K), 1 survivors (1024K)
 Metaspace       used 28033K, committed 29184K, reserved 487424K
  class space    used 4133K, committed 4736K, reserved 421888K
}
Event: 13.330 GC heap before
{Heap before GC invocations=7 (full 0):
 garbage-first heap   total 92160K, used 69354K [0x0000000780000000, 0x0000000800000000)
  region size 1024K, 41 young (41984K), 1 survivors (1024K)
 Metaspace       used 34217K, committed 35328K, reserved 487424K
  class space    used 4705K, committed 5312K, reserved 421888K
}
Event: 13.335 GC heap after
{Heap after GC invocations=8 (full 0):
 garbage-first heap   total 92160K, used 30615K [0x0000000780000000, 0x0000000800000000)
  region size 1024K, 5 young (5120K), 5 survivors (5120K)
 Metaspace       used 34217K, committed 35328K, reserved 487424K
  class space    used 4705K, committed 5312K, reserved 421888K
}
Event: 13.837 GC heap before
{Heap before GC invocations=8 (full 0):
 garbage-first heap   total 92160K, used 38807K [0x0000000780000000, 0x0000000800000000)
  region size 1024K, 14 young (14336K), 5 survivors (5120K)
 Metaspace       used 34813K, committed 35968K, reserved 487424K
  class space    used 4797K, committed 5440K, reserved 421888K
}
Event: 13.845 GC heap after
{Heap after GC invocations=9 (full 0):
 garbage-first heap   total 92160K, used 31762K [0x0000000780000000, 0x0000000800000000)
  region size 1024K, 2 young (2048K), 2 survivors (2048K)
 Metaspace       used 34813K, committed 35968K, reserved 487424K
  class space    used 4797K, committed 5440K, reserved 421888K
}
Event: 18.504 GC heap before
{Heap before GC invocations=10 (full 0):
 garbage-first heap   total 92160K, used 67602K [0x0000000780000000, 0x0000000800000000)
  region size 1024K, 37 young (37888K), 2 survivors (2048K)
 Metaspace       used 38228K, committed 39616K, reserved 487424K
  class space    used 5244K, committed 5952K, reserved 421888K
}
Event: 18.514 GC heap after
{Heap after GC invocations=11 (full 0):
 garbage-first heap   total 92160K, used 34601K [0x0000000780000000, 0x0000000800000000)
  region size 1024K, 5 young (5120K), 5 survivors (5120K)
 Metaspace       used 38228K, committed 39616K, reserved 487424K
  class space    used 5244K, committed 5952K, reserved 421888K
}

